-- The C compiler identification is GNU 4.4.3
-- The CXX compiler identification is GNU 4.4.3
-- Check for working C compiler: /usr/bin/cc
-- Check for working C compiler: /usr/bin/cc -- works
-- Detecting C compiler ABI info
-- Detecting C compiler ABI info - done
-- Check for working CXX compiler: /usr/bin/c++
-- Check for working CXX compiler: /usr/bin/c++ -- works
-- Detecting CXX compiler ABI info
-- Detecting CXX compiler ABI info - done
--- Checking operating system support for file symlinking
--- Checking operating system support for file symlinking - Supported
-- Performing Test NOERROR_FLAG
-- Performing Test NOERROR_FLAG - Success
**********************************************************
*** Configuring BRL-CAD Release 7.22.1, Build 20121227 ***
**********************************************************
-- Looking for sys/types.h
-- Looking for sys/types.h - found
-- Looking for stdint.h
-- Looking for stdint.h - found
-- Looking for stddef.h
-- Looking for stddef.h - found
-- Check size of void *
-- Check size of void * - done
-- Could NOT find Java (missing:  Java_JAR_EXECUTABLE Java_JAVAC_EXECUTABLE Java_JAVAH_EXECUTABLE Java_JAVADOC_EXECUTABLE) (found version "1.7.0.03")
-- Could NOT find JNI (missing:  JAVA_INCLUDE_PATH JAVA_INCLUDE_PATH2 JAVA_AWT_INCLUDE_PATH) 
-- Looking for XOpenDisplay in /usr/lib/libX11.so/usr/lib/libXext.so
-- Looking for XOpenDisplay in /usr/lib/libX11.so/usr/lib/libXext.so - found
-- Looking for gethostbyname
-- Looking for gethostbyname - found
-- Looking for connect
-- Looking for connect - found
-- Looking for remove
-- Looking for remove - found
-- Looking for shmat
-- Looking for shmat - found
-- Looking for IceConnectionNumber in ICE
-- Looking for IceConnectionNumber in ICE - found
-- Found X11: /usr/lib/libX11.so
-- Found Apache FOP: version 1.1
-- Found SHELL_SUPPORTED: /bin/sh  
-- Performing Test YYTEXT_POINTER
-- Performing Test YYTEXT_POINTER - Success
-- Found LEX: /usr/bin/flex  
-- Found YACC: /usr/bin/bison  
-- Performing Test PIPE_COMPILER_FLAG_FOUND
-- Performing Test PIPE_COMPILER_FLAG_FOUND - Success
-- Performing Test FNO_STRICT_ALIASING_COMPILER_FLAG_FOUND
-- Performing Test FNO_STRICT_ALIASING_COMPILER_FLAG_FOUND - Success
-- Performing Test FNO_COMMON_COMPILER_FLAG_FOUND
-- Performing Test FNO_COMMON_COMPILER_FLAG_FOUND - Success
-- Performing Test FEXCEPTIONS_COMPILER_FLAG_FOUND
-- Performing Test FEXCEPTIONS_COMPILER_FLAG_FOUND - Success
-- Performing Test FTEMPLATE_DEPTH_128_COMPILER_FLAG_FOUND
-- Performing Test FTEMPLATE_DEPTH_128_COMPILER_FLAG_FOUND - Success
-- Performing Test MSSE3_COMPILER_FLAG_FOUND
-- Performing Test MSSE3_COMPILER_FLAG_FOUND - Success
-- Performing Test STD_GNU99_COMPILER_FLAG_FOUND
-- Performing Test STD_GNU99_COMPILER_FLAG_FOUND - Success
-- Performing Test STD_GNU89_COMPILER_FLAG_FOUND
-- Performing Test STD_GNU89_COMPILER_FLAG_FOUND - Success
-- Performing Test QUNUSED_ARGUMENTS_COMPILER_FLAG_FOUND
-- Performing Test QUNUSED_ARGUMENTS_COMPILER_FLAG_FOUND - Failed
-- Performing Test G_COMPILER_FLAG_FOUND
-- Performing Test G_COMPILER_FLAG_FOUND - Success
-- Performing Test GGDB3_COMPILER_FLAG_FOUND
-- Performing Test GGDB3_COMPILER_FLAG_FOUND - Success
-- Performing Test HAVE_INLINE_KEYWORD
-- Performing Test HAVE_INLINE_KEYWORD - Success
-- Looking for include file regex.h
-- Looking for include file regex.h - found
-- Found ZLIB: /usr/include  
-- Found LEMON: /home/brlcad/brlcad-build/bin/lemon  
-- Looking for inttypes.h
-- Looking for inttypes.h - found
-- Looking for memory.h
-- Looking for memory.h - found
-- Looking for stdbool.h
-- Looking for stdbool.h - found
-- Looking for stdlib.h
-- Looking for stdlib.h - found
-- Looking for string.h
-- Looking for string.h - found
-- Looking for strings.h
-- Looking for strings.h - found
-- Looking for sys/stat.h
-- Looking for sys/stat.h - found
-- Looking for unistd.h
-- Looking for unistd.h - found
-- Looking for memset
-- Looking for memset - found
-- Looking for mmap
-- Looking for mmap - found
-- Looking for munmap
-- Looking for munmap - found
-- Looking for strdup
-- Looking for strdup - found
-- Looking for strndup
-- Looking for strndup - found
-- Check size of char
-- Check size of char - done
-- Check size of int
-- Check size of int - done
-- Check size of long
-- Check size of long - done
-- Check size of short
-- Check size of short - done
-- Found RE2C: /home/brlcad/brlcad-build/bin/re2c  
-- Looking for sys/time.h
-- Looking for sys/time.h - found
-- Looking for time.h
-- Looking for time.h - found
-- Looking for stdarg.h
-- Looking for stdarg.h - found
-- Looking for include file pthread.h
-- Looking for include file pthread.h - found
-- Looking for pthread_create
-- Looking for pthread_create - not found
-- Looking for pthread_create in pthreads
-- Looking for pthread_create in pthreads - not found
-- Looking for pthread_create in pthread
-- Looking for pthread_create in pthread - found
-- Found Threads: TRUE  
-- Looking for pthread.h
-- Looking for pthread.h - found
-- Looking for ansidecl.h
-- Looking for ansidecl.h - not found
-- Looking for arpa/inet.h
-- Looking for arpa/inet.h - found
-- Looking for arpa/nameser.h
-- Looking for arpa/nameser.h - found
-- Looking for ctype.h
-- Looking for ctype.h - found
-- Looking for dirent.h
-- Looking for dirent.h - found
-- Looking for dlfcn.h
-- Looking for dlfcn.h - found
-- Looking for dl.h
-- Looking for dl.h - not found
-- Looking for errno.h
-- Looking for errno.h - found
-- Looking for fcntl.h
-- Looking for fcntl.h - found
-- Looking for float.h
-- Looking for float.h - found
-- Looking for fp_class.h
-- Looking for fp_class.h - not found
-- Looking for ieeefp.h
-- Looking for ieeefp.h - not found
-- Looking for inttypes.h.h
-- Looking for inttypes.h.h - not found
-- Looking for limits.h
-- Looking for limits.h - found
-- Looking for malloc.h
-- Looking for malloc.h - found
-- Looking for math.h
-- Looking for math.h - found
-- Looking for nan.h
-- Looking for nan.h - not found
-- Looking for ndir.h
-- Looking for ndir.h - not found
-- Looking for netdb.h
-- Looking for netdb.h - found
-- Looking for netinet/in.h
-- Looking for netinet/in.h - found
-- Looking for poll.h
-- Looking for poll.h - found
-- Looking for resolv.h
-- Looking for resolv.h - found
-- Looking for signal.h
-- Looking for signal.h - found
-- Looking for sys/mman.h
-- Looking for sys/mman.h - found
-- Looking for sys/ndir.h
-- Looking for sys/ndir.h - not found
-- Looking for sys/select.h
-- Looking for sys/select.h - found
-- Looking for sys/socket.h
-- Looking for sys/socket.h - found
-- Looking for sys/timeb.h
-- Looking for sys/timeb.h - found
-- Looking for finite
-- Looking for finite - found
-- Looking for printf
-- Looking for printf - found
-- Looking for fprintf
-- Looking for fprintf - found
-- Looking for sprintf
-- Looking for sprintf - found
-- Looking for snprintf
-- Looking for snprintf - found
-- Looking for vfprintf
-- Looking for vfprintf - found
-- Looking for vsnprintf
-- Looking for vsnprintf - found
-- Looking for vsprintf
-- Looking for vsprintf - found
-- Looking for ftime
-- Looking for ftime - found
-- Looking for getaddrinfo
-- Looking for getaddrinfo - found
-- Looking for gettimeofday
-- Looking for gettimeofday - found
-- Looking for isinf
-- Looking for isinf - found
-- Looking for isnan
-- Looking for isnan - found
-- Looking for localtime
-- Looking for localtime - found
-- Looking for signal
-- Looking for signal - found
-- Looking for sscanf
-- Looking for sscanf - found
-- Looking for stat
-- Looking for stat - found
-- Looking for strerror
-- Looking for strerror - found
-- Looking for strftime
-- Looking for strftime - found
-- Performing Test HAVE_VA_COPY
-- Performing Test HAVE_VA_COPY - Success
-- Looking for __va_copy
-- Looking for __va_copy - not found
-- Looking for dlopen in dl
-- Looking for dlopen in dl - found
-- Looking for pow in m
-- Looking for pow in m - found
-- Looking for locale.h
-- Looking for locale.h - found
-- Looking for xlocale.h
-- Looking for xlocale.h - found
-- Looking for asctime
-- Looking for asctime - found
-- Looking for clock_gettime
-- Looking for clock_gettime - not found
-- Looking for gmtime_r
-- Looking for gmtime_r - found
-- Looking for localtime_r
-- Looking for localtime_r - found
-- Looking for mktime
-- Looking for mktime - found
-- Looking for time
-- Looking for time - found
-- Looking for sys/ioctl.h
-- Looking for sys/ioctl.h - found
-- Looking for sys/filio.h
-- Looking for sys/filio.h - not found
Generating Tcl man pages...
-- Performing Test FLOAT_H_USABLE
-- Performing Test FLOAT_H_USABLE - Success
-- Looking for values.h
-- Looking for values.h - found
-- Performing Test VALUES_H_USABLE
-- Performing Test VALUES_H_USABLE - Success
-- Performing Test LIMITS_H_USABLE
-- Performing Test LIMITS_H_USABLE - Success
-- Looking for sys/wait.h
-- Looking for sys/wait.h - found
-- Performing Test SYS_WAIT_H_USABLE
-- Performing Test SYS_WAIT_H_USABLE - Success
-- Performing Test DLFCN_H_USABLE
-- Performing Test DLFCN_H_USABLE - Success
-- Looking for sys/param.h
-- Looking for sys/param.h - found
-- Performing Test SYS_PARAM_H_USABLE
-- Performing Test SYS_PARAM_H_USABLE - Success
-- Performing Test PIPE_COMPILER_FLAG
-- Performing Test PIPE_COMPILER_FLAG - Success
-- Looking for pthread_attr_setstacksize
-- Looking for pthread_attr_setstacksize - not found
-- Looking for pthread_attr_get_np
-- Looking for pthread_attr_get_np - not found
-- Looking for pthread_getattr_np
-- Looking for pthread_getattr_np - not found
-- Looking for pthread_get_stacksize_np
-- Looking for pthread_get_stacksize_np - not found
-- Looking for cos in m
-- Looking for cos in m - found
-- Looking for ieee_flags in sunmath
-- Looking for ieee_flags in sunmath - not found
-- Looking for INET library
-- Unable to find library inet
-- Looking for INET library - not found
-- Looking for net/errno.h
-- Looking for net/errno.h - not found
-- Looking for connect
-- Looking for connect - found
-- Looking for gethostbyname
-- Looking for gethostbyname - found
-- Looking for dlopen in dl
-- Looking for dlopen in dl - found
-- Check if the system is big endian
-- Searching 16 bit integer
-- Check size of unsigned short
-- Check size of unsigned short - done
-- Using unsigned short
-- Check if the system is big endian - little endian
-- Looking for getcwd
-- Looking for getcwd - found
-- Looking for mkstemp
-- Looking for mkstemp - found
-- Looking for opendir
-- Looking for opendir - found
-- Looking for strtol
-- Looking for strtol - found
-- Looking for waitpid
-- Looking for waitpid - found
-- Looking for wait3
-- Looking for wait3 - found
-- Looking for uname
-- Looking for uname - found
-- Looking for realpath
-- Looking for realpath - found
-- Performing Test WORKING_GETADDRINFO
-- Performing Test WORKING_GETADDRINFO - Success
-- Looking for getpwuid_r
-- Looking for getpwuid_r - found
-- Performing Test HAVE_GETPWUID_R_5
-- Performing Test HAVE_GETPWUID_R_5 - Success
-- Looking for getpwnam_r
-- Looking for getpwnam_r - found
-- Performing Test HAVE_GETPWNAM_R_5
-- Performing Test HAVE_GETPWNAM_R_5 - Success
-- Looking for getgrgid_r
-- Looking for getgrgid_r - found
-- Performing Test HAVE_GETGRGID_R_5
-- Performing Test HAVE_GETGRGID_R_5 - Success
-- Looking for getgrnam_r
-- Looking for getgrnam_r - found
-- Performing Test HAVE_GETGRNAM_R_5
-- Performing Test HAVE_GETGRNAM_R_5 - Success
-- Looking for gethostbyaddr_r
-- Looking for gethostbyaddr_r - found
-- Performing Test HAVE_GETHOSTBYADDR_R_7
-- Performing Test HAVE_GETHOSTBYADDR_R_7 - Failed
-- Performing Test HAVE_GETHOSTBYADDR_R_8
-- Performing Test HAVE_GETHOSTBYADDR_R_8 - Success
-- Looking for gethostbyname_r
-- Looking for gethostbyname_r - found
-- Performing Test HAVE_GETHOSTBYNAME_R_6
-- Performing Test HAVE_GETHOSTBYNAME_R_6 - Success
-- Performing Test HAVE_TERMIOS
-- Performing Test HAVE_TERMIOS - Success
-- Performing Test SYS_TIME_H_USABLE
-- Performing Test SYS_TIME_H_USABLE - Success
-- Performing Test HAVE_STRUCT_TM_TM_ZONE
-- Performing Test HAVE_STRUCT_TM_TM_ZONE - Success
-- Performing Test HAVE_TM_TZADJ
-- Performing Test HAVE_TM_TZADJ - Failed
-- Performing Test HAVE_TM_GMTOFF
-- Performing Test HAVE_TM_GMTOFF - Success
-- Performing Test HAVE_TIMEZONE_VAR
-- Performing Test HAVE_TIMEZONE_VAR - Success
-- Performing Test TIME_WITH_SYS_TIME_WORKS
-- Performing Test TIME_WITH_SYS_TIME_WORKS - Success
-- Performing Test HAVE_STRUCT_HAS_ST_BLOCKS
-- Performing Test HAVE_STRUCT_HAS_ST_BLOCKS - Success
-- Performing Test HAVE_STRUCT_HAS_ST_BLKSIZE
-- Performing Test HAVE_STRUCT_HAS_ST_BLKSIZE - Success
-- Check size of blkcnt_t
-- Check size of blkcnt_t - done
-- Looking for fstatfs,
-- Looking for fstatfs, - not found
-- Looking for memcmp
-- Looking for memcmp - found
-- Looking for strstr
-- Looking for strstr - found
-- Performing Test WORKING_strstr
-- Performing Test WORKING_strstr - Success
-- Looking for strtoul
-- Looking for strtoul - found
-- Performing Test WORKING_strtoul
-- Performing Test WORKING_strtoul - Success
-- Looking for strtod
-- Looking for strtod - found
-- Performing Test WORKING_strtod
-- Performing Test WORKING_strtod - Success
-- Check size of mode_t
-- Check size of mode_t - done
-- Check size of pid_t
-- Check size of pid_t - done
-- Check size of size_t
-- Check size of size_t - done
-- Check size of uid_t
-- Check size of uid_t - done
-- Check size of socklen_t
-- Check size of socklen_t - failed
-- Check size of intptr_t
-- Check size of intptr_t - done
-- Check size of uintptr_t
-- Check size of uintptr_t - done
-- Performing Test HAVE_UNION_WAIT
-- Performing Test HAVE_UNION_WAIT - Success
-- Looking for strncasecmp
-- Looking for strncasecmp - found
-- Looking for BSDgettimeofday
-- Looking for BSDgettimeofday - not found
-- Looking for gettimeofday
-- Looking for gettimeofday - found
-- Performing Test CHAR_IS_UNSIGNED
-- Performing Test CHAR_IS_UNSIGNED - Success
-- Performing Test HAVE_SIGNED_CHAR
-- Performing Test HAVE_SIGNED_CHAR - Success
-- Looking for langinfo.h
-- Looking for langinfo.h - found
-- Performing Test LANGINFO_COMPILES
-- Performing Test LANGINFO_COMPILES - Success
-- Looking for chflags
-- Looking for chflags - found
-- Looking for mkstemps
-- Looking for mkstemps - found
-- Performing Test USABLE_ISNAN
-- Performing Test USABLE_ISNAN - Success
-- Performing Test FTS_WORKING
-- Performing Test FTS_WORKING - Failed
-- Found TIMEZONE: /usr/share/zoneinfo  
-- Performing Test STACK_GROWS_UP
-- Performing Test STACK_GROWS_UP - Failed
-- Looking for sys/fstatfs.h
-- Looking for sys/fstatfs.h - not found
-- Performing Test COMPILER_SUPPORTS_HIDDEN
-- Performing Test COMPILER_SUPPORTS_HIDDEN - Success
-- Looking for sys/modem.h
-- Looking for sys/modem.h - not found
-- Performing Test FD_SET_IN_TYPES_H
-- Performing Test FD_SET_IN_TYPES_H - Success
Generating Tk man pages...
-- Found Freetype: /usr/lib/libfreetype.so (found version "2.3.11") 
-- Found PkgConfig: /usr/bin/pkg-config (found version "0.22") 
-- checking for module 'fontconfig'
--   found fontconfig, version 2.8.0
-- Found Fontconfig: /usr/lib/libfontconfig.so  
-- Performing Test HAVE_STRING_H_MEMCHR
-- Performing Test HAVE_STRING_H_MEMCHR - Failed
-- Performing Test HAVE_STDLIB_H_FREE
-- Performing Test HAVE_STDLIB_H_FREE - Success
-- Performing Test WORKING_CTYPE_MACROS
-- Performing Test WORKING_CTYPE_MACROS - Success
-- Looking for emmintrin.h
-- Looking for emmintrin.h - not found
-- Found PERPLEX: /home/brlcad/brlcad-build/bin/perplex  
-- Looking for sysent.h
-- Looking for sysent.h - not found
-- Looking for process.h
-- Looking for process.h - not found
-- Looking for io.h
-- Looking for io.h - not found
-- Looking for abs
-- Looking for abs - found
-- Looking for memcpy
-- Looking for memcpy - found
-- Looking for memmove
-- Looking for memmove - found
-- Looking for getopt
-- Looking for getopt - found
-- Check size of ssize_t
-- Check size of ssize_t - done
-- Found Bullet: /usr/local/lib/libBulletDynamics.so  
-- Could NOT find ADAPTAGRAMS (missing:  AVOID_LIBRARY AVOID_INCLUDE_DIR) 
-- Performing Test O3_COMPILER_FLAG_FOUND
-- Performing Test O3_COMPILER_FLAG_FOUND - Success
-- Performing Test FSTRENGTH_REDUCE_COMPILER_FLAG_FOUND
-- Performing Test FSTRENGTH_REDUCE_COMPILER_FLAG_FOUND - Success
-- Performing Test FEXPENSIVE_OPTIMIZATIONS_COMPILER_FLAG_FOUND
-- Performing Test FEXPENSIVE_OPTIMIZATIONS_COMPILER_FLAG_FOUND - Success
-- Performing Test FINLINE_FUNCTIONS_COMPILER_FLAG_FOUND
-- Performing Test FINLINE_FUNCTIONS_COMPILER_FLAG_FOUND - Success
-- Performing Test FINLINE_LIMIT_10000___PARAM_INLINE_UNIT_GROWTH_300___PARAM_LARGE_FUNCTION_GROWTH_300_COMPILER_FLAG_FOUND
-- Performing Test FINLINE_LIMIT_10000___PARAM_INLINE_UNIT_GROWTH_300___PARAM_LARGE_FUNCTION_GROWTH_300_COMPILER_FLAG_FOUND - Success
-- Performing Test PEDANTIC_COMPILER_FLAG_FOUND
-- Performing Test PEDANTIC_COMPILER_FLAG_FOUND - Success
-- Performing Test WALL_COMPILER_FLAG_FOUND
-- Performing Test WALL_COMPILER_FLAG_FOUND - Success
-- Performing Test WEXTRA_COMPILER_FLAG_FOUND
-- Performing Test WEXTRA_COMPILER_FLAG_FOUND - Success
-- Performing Test WUNDEF_COMPILER_FLAG_FOUND
-- Performing Test WUNDEF_COMPILER_FLAG_FOUND - Success
-- Performing Test WFLOAT_EQUAL_COMPILER_FLAG_FOUND
-- Performing Test WFLOAT_EQUAL_COMPILER_FLAG_FOUND - Success
-- Performing Test WSHADOW_COMPILER_FLAG_FOUND
-- Performing Test WSHADOW_COMPILER_FLAG_FOUND - Success
-- Performing Test WINLINE_COMPILER_FLAG_FOUND
-- Performing Test WINLINE_COMPILER_FLAG_FOUND - Success
-- Performing Test WNO_LONG_LONG_COMPILER_FLAG_FOUND
-- Performing Test WNO_LONG_LONG_COMPILER_FLAG_FOUND - Success
-- Performing Test WNO_VARIADIC_MACROS_COMPILER_FLAG_FOUND
-- Performing Test WNO_VARIADIC_MACROS_COMPILER_FLAG_FOUND - Success
-- Performing Test WERROR_COMPILER_FLAG_FOUND
-- Performing Test WERROR_COMPILER_FLAG_FOUND - Success
-- Performing Test STL_LIB_TEST
-- Performing Test STL_LIB_TEST - Success
-- Looking for daemon in bsd
-- Looking for daemon in bsd - not found
-- Looking for daemon in c
-- Looking for daemon in c - found
-- Looking for socket in socket
-- Looking for socket in socket - not found
-- Looking for gethostbyaddr in nsl
-- Looking for gethostbyaddr in nsl - found
-- Looking for socket in network
-- Looking for socket in network - not found
-- Looking for mallopt in c
-- Looking for mallopt in c - found
-- Looking for dlopen in dl
-- Looking for dlopen in dl - found
-- Looking for yyless in l
-- Looking for yyless in l - not found
-- Performing Test WORKING_SYS_WAIT
-- Performing Test WORKING_SYS_WAIT - Success
-- Looking for include file curses.h
-- Looking for include file curses.h - not found
-- Looking for include file dslib.h
-- Looking for include file dslib.h - not found
-- Looking for include file getopt.h
-- Looking for include file getopt.h - found
-- Looking for include file gl/device.h
-- Looking for include file gl/device.h - not found
-- Looking for include file gl/glext.h
-- Looking for include file gl/glext.h - not found
-- Looking for include file gl/wglext.h
-- Looking for include file gl/wglext.h - not found
-- Looking for include file grp.h
-- Looking for include file grp.h - found
-- Looking for include file libgen.h
-- Looking for include file libgen.h - found
-- Looking for include file ncurses.h
-- Looking for include file ncurses.h - not found
-- Looking for include file pwd.h
-- Looking for include file pwd.h - found
-- Looking for include file rle.h
-- Looking for include file rle.h - not found
-- Looking for include file sched.h
-- Looking for include file sched.h - found
-- Looking for include file sgtty.h
-- Looking for include file sgtty.h - found
-- Looking for include file sys/_ioctl.h
-- Looking for include file sys/_ioctl.h - not found
-- Looking for include file sys/file.h
-- Looking for include file sys/file.h - found
-- Looking for include file sys/ioctl_compat.h
-- Looking for include file sys/ioctl_compat.h - not found
-- Looking for include file sys/machd.h
-- Looking for include file sys/machd.h - not found
-- Looking for include file sys/mount.h
-- Looking for include file sys/mount.h - found
-- Looking for include file sys/prctl.h
-- Looking for include file sys/prctl.h - found
-- Looking for include file sys/resource.h
-- Looking for include file sys/resource.h - found
-- Looking for include file sys/sched.h
-- Looking for include file sys/sched.h - not found
-- Looking for include file sys/sysctl.h
-- Looking for include file sys/sysctl.h - found
-- Looking for include file sys/sysinfo.h
-- Looking for include file sys/sysinfo.h - found
-- Looking for include file sys/sysmp.h
-- Looking for include file sys/sysmp.h - not found
-- Looking for include file sys/times.h
-- Looking for include file sys/times.h - found
-- Looking for include file sys/un.h
-- Looking for include file sys/un.h - found
-- Looking for include file syslog.h
-- Looking for include file syslog.h - found
-- Looking for include file term.h
-- Looking for include file term.h - not found
-- Looking for include file terminfo.h
-- Looking for include file terminfo.h - not found
-- Looking for include file termio.h
-- Looking for include file termio.h - found
-- Looking for include file termios.h
-- Looking for include file termios.h - found
-- Looking for include file termlib.h
-- Looking for include file termlib.h - not found
-- Looking for include file tinfo.h
-- Looking for include file tinfo.h - not found
-- Looking for include file ulocks.h
-- Looking for include file ulocks.h - not found
-- Looking for include file windows.h
-- Looking for include file windows.h - not found
-- Looking for include file winsock.h
-- Looking for include file winsock.h - not found
-- Looking for C++ include istream
-- Looking for C++ include istream - found
-- Looking for C++ include limits
-- Looking for C++ include limits - found
-- Performing Test HAVE_BASENAME
-- Performing Test HAVE_BASENAME - Success
-- Performing Test HAVE_DIRNAME
-- Performing Test HAVE_DIRNAME - Success
-- Performing Test HAVE_STRUCT_STAT_ST_BLKSIZE
-- Performing Test HAVE_STRUCT_STAT_ST_BLKSIZE - Success
-- Performing Test HAVE_STRUCT_STAT_ST_BLOCKS
-- Performing Test HAVE_STRUCT_STAT_ST_BLOCKS - Success
-- Performing Test HAVE_STRUCT_STAT_ST_RDEV
-- Performing Test HAVE_STRUCT_STAT_ST_RDEV - Success
-- Check size of socklen_t
-- Check size of socklen_t - failed
-- Check size of socklen_t
-- Check size of socklen_t - done
-- Check size of int
-- Check size of int - done
-- Check size of long
-- Check size of long - done
-- Check size of long long
-- Check size of long long - done
-- Check size of ssize_t
-- Check size of ssize_t - done
-- Check size of uint64_t
-- Check size of uint64_t - done
-- Check size of sig_t
-- Check size of sig_t - done
-- Performing Test HAVE_C99_FORMAT_SPECIFIERS
-- Performing Test HAVE_C99_FORMAT_SPECIFIERS - Success
-- Performing Test WORKING_ALLOCA_H
-- Performing Test WORKING_ALLOCA_H - Success
-- Performing Test WORKING_ALLOCA
-- Performing Test WORKING_ALLOCA - Success
-- Looking for XQueryExtension
-- Looking for XQueryExtension - not found
-- Looking for alarm
-- Looking for alarm - found
-- Looking for dlopen
-- Looking for dlopen - not found
-- Looking for drand48
-- Looking for drand48 - found
-- Looking for fchmod
-- Looking for fchmod - found
-- Looking for fsync
-- Looking for fsync - found
-- Looking for getegid
-- Looking for getegid - found
-- Looking for geteuid
-- Looking for geteuid - found
-- Looking for gethostname
-- Looking for gethostname - found
-- Looking for getloadavg
-- Looking for getloadavg - found
-- Looking for getopt_long
-- Looking for getopt_long - found
-- Looking for getprogname
-- Looking for getprogname - not found
-- Looking for kill
-- Looking for kill - found
-- Looking for lrand48
-- Looking for lrand48 - found
-- Looking for pipe
-- Looking for pipe - found
-- Looking for popen
-- Looking for popen - found
-- Looking for random
-- Looking for random - found
-- Looking for sbrk
-- Looking for sbrk - found
-- Looking for setenv
-- Looking for setenv - found
-- Looking for setpgid
-- Looking for setpgid - found
-- Looking for setpriority
-- Looking for setpriority - found
-- Looking for setprogname
-- Looking for setprogname - not found
-- Looking for srand48
-- Looking for srand48 - found
-- Looking for strchr
-- Looking for strchr - found
-- Looking for strlcat
-- Looking for strlcat - not found
-- Looking for strlcpy
-- Looking for strlcpy - not found
-- Looking for strsep
-- Looking for strsep - found
-- Looking for strtok
-- Looking for strtok - found
-- Looking for sync
-- Looking for sync - found
-- Looking for sysctl
-- Looking for sysctl - found
-- Looking for sysmp
-- Looking for sysmp - not found
-- Looking for vfork
-- Looking for vfork - found
-- Looking for vsscanf
-- Looking for vsscanf - found
-- Looking for writev
-- Looking for writev - found
-- Found Doxygen: /usr/bin/doxygen (found version "1.6.3") 


------ BRL-CAD Release 7.22.1, Build 20121227 - Debug Build  ------


             Prefix: /usr/brlcad/dev-7.22.1
           Binaries: /usr/brlcad/dev-7.22.1/bin
          Libraries: /usr/brlcad/dev-7.22.1/lib
       Manual pages: /usr/brlcad/dev-7.22.1/share/man
Data resource files: /usr/brlcad/dev-7.22.1/share
 
CC       = /usr/bin/cc
CXX      = /usr/bin/c++
CFLAGS   = -pipe -fno-strict-aliasing -fno-common -fexceptions -g -ggdb3
           -pedantic -Wall -Wextra -Wundef -Wfloat-equal -Wshadow -Winline
           -Wno-long-long -Wno-variadic-macros -Werror -msse3 -std=gnu89
CXXFLAGS = -pipe -fno-strict-aliasing -fno-common -fexceptions
           -ftemplate-depth-128 -g -ggdb3 -pedantic -Wall -Wextra -Wundef
           -Wfloat-equal -Wshadow -Winline -Wno-long-long -Wno-variadic-macros
           -Werror
LDFLAGS  = -g -ggdb3
 
Compile Tcl ...........................: ON
Compile Tk ............................: ON
Compile Itcl/Itk ......................: ON
Compile Iwidgets ......................: ON
Compile Tkhtml ........................: ON
Compile tkpng .........................: ON
Compile Tktable .......................: ON
Compile libpng ........................: ON
Compile libregex ......................: ON
Compile zlib ..........................: OFF
Compile termlib .......................: ON
Compile Utah Raster Toolkit ...........: ON
Compile openNURBS .....................: ON
Compile NIST STEP Class Libraries .....: ON
 
X11 support (optional) ................: ON
OpenGL support (optional) .............: OGL
librtserver JDK support (optional) ....: OFF
Enable run-time debugging (optional) ..: ON
 
Build 32/64-bit release ...............: 32BIT (Auto)
Build optimized release ...............: OFF
Build debuggable release...............: ON
Build profile release .................: OFF
Build SMP-capable release .............: ON
Build static libraries ................: OFF
Build dynamic libraries ...............: ON
Print verbose compilation warnings ....: ON
Print verbose compilation progress ....: OFF
Install example geometry models .......: ON
Generate extra docs ...................: ON (html/man/pdf)
 
Elapsed configuration time..: 5 minutes 53 seconds
-- Configuring done
-- Generating done
-- Build files have been written to: /home/brlcad/brlcad-build
